[profile.cheetastylecoding.com/index.html]
[backblue.gif]
[fade.gif]
[index.html]
[profile.cheetastylecoding.com/assets/img/favicon.png]
[profile.cheetastylecoding.com/assets/vendor/aos/aos.css]
[profile.cheetastylecoding.com/assets/vendor/bootstrap-icons/bootstrap-icons.css]
[profile.cheetastylecoding.com/assets/vendor/bootstrap/css/bootstrap.min.css]
[profile.cheetastylecoding.com/assets/vendor/boxicons/css/boxicons.min.css]
[profile.cheetastylecoding.com/assets/vendor/glightbox/css/glightbox.min.css]
[profile.cheetastylecoding.com/assets/vendor/swiper/swiper-bundle.min.css]
[profile.cheetastylecoding.com/assets/css/style.css]
[profile.cheetastylecoding.com/assets/img/profile-img.jpg]
[profile.cheetastylecoding.com/index-2.html]
[profile.cheetastylecoding.com/assets/vendor/purecounter/purecounter_vanilla.js]
[profile.cheetastylecoding.com/assets/vendor/aos/aos.js]
[profile.cheetastylecoding.com/assets/vendor/bootstrap/js/bootstrap.bundle.min.js]
[profile.cheetastylecoding.com/assets/vendor/glightbox/js/glightbox.min.js]
[profile.cheetastylecoding.com/assets/vendor/isotope-layout/isotope.pkgd.min.js]
[profile.cheetastylecoding.com/assets/vendor/swiper/swiper-bundle.min.js]
[profile.cheetastylecoding.com/assets/vendor/typed.js/typed.umd.js]
[profile.cheetastylecoding.com/assets/vendor/waypoints/noframework.waypoints.js]
[profile.cheetastylecoding.com/assets/vendor/php-email-form/validate.js]
[profile.cheetastylecoding.com/assets/js/main.js]
[profile.cheetastylecoding.com/index.html]
[profile.cheetastylecoding.com/assets/img/apple-touch-icon.html]
[profile.cheetastylecoding.com/assets/vendor/aos/aos.css]
[profile.cheetastylecoding.com/assets/vendor/bootstrap/css/bootstrap.min.css]
[profile.cheetastylecoding.com/assets/vendor/bootstrap-icons/fonts/bootstrap-iconsafdf.woff2]
[profile.cheetastylecoding.com/assets/vendor/bootstrap-icons/fonts/bootstrap-iconsafdf.woff]
[profile.cheetastylecoding.com/assets/vendor/bootstrap-icons/bootstrap-icons.css]
[profile.cheetastylecoding.com/assets/vendor/boxicons/fonts/boxicons.eot]
[profile.cheetastylecoding.com/assets/vendor/boxicons/fonts/boxicons.woff2]
[profile.cheetastylecoding.com/assets/vendor/boxicons/fonts/boxicons.woff]
[profile.cheetastylecoding.com/assets/vendor/boxicons/fonts/boxicons.ttf]
[profile.cheetastylecoding.com/assets/vendor/boxicons/css/boxicons.min.css]
[profile.cheetastylecoding.com/assets/vendor/glightbox/css/glightbox.min.css]
[profile.cheetastylecoding.com/assets/vendor/swiper/swiper-bundle.min.css]
[profile.cheetastylecoding.com/assets/img/hero-bg.jpg]
[profile.cheetastylecoding.com/assets/css/style.css]
[profile.cheetastylecoding.com/index-2.html]
[profile.cheetastylecoding.com/@khanzadda401.html]
[profile.cheetastylecoding.com/assets/vendor/boxicons/fonts/boxiconsd41d.svg]
[profile.cheetastylecoding.com/assets/vendor/boxicons/fonts/boxiconsd41d.svg]
